#
# There is insufficient memory for the Java Runtime Environment to continue.
# Native memory allocation (malloc) failed to allocate 32744 bytes for ChunkPool::allocate
# Possible reasons:
#   The system is out of physical RAM or swap space
#   The process is running with CompressedOops enabled, and the Java Heap may be blocking the growth of the native heap
# Possible solutions:
#   Reduce memory load on the system
#   Increase physical memory or swap space
#   Check if swap backing store is full
#   Decrease Java heap size (-Xmx/-Xms)
#   Decrease number of Java threads
#   Decrease Java thread stack sizes (-Xss)
#   Set larger code cache with -XX:ReservedCodeCacheSize=
#   JVM is running with Unscaled Compressed Oops mode in which the Java heap is
#     placed in the first 4GB address space. The Java Heap base address is the
#     maximum limit for the native heap growth. Please use -XX:HeapBaseMinAddress
#     to set the Java Heap base and to place the Java Heap above 4GB virtual address.
# This output file may be truncated or incomplete.
#
#  Out of Memory Error (allocation.cpp:272), pid=21364, tid=0x00000000000057e4
#
# JRE version: OpenJDK Runtime Environment (8.0_242-b01) (build 1.8.0_242-release-1644-b01)
# Java VM: OpenJDK 64-Bit Server VM (25.242-b01 mixed mode windows-amd64 compressed oops)
# Failed to write core dump. Minidumps are not enabled by default on client versions of Windows
#

---------------  T H R E A D  ---------------

Current thread (0x0000000017d34800):  JavaThread "C2 CompilerThread0" daemon [_thread_in_native, id=22500, stack(0x0000000019390000,0x0000000019490000)]

Stack: [0x0000000019390000,0x0000000019490000]
[error occurred during error reporting (printing stack bounds), id 0xc0000005]

Native frames: (J=compiled Java code, j=interpreted, Vv=VM code, C=native code)


Current CompileTask:
C2:  14302 5740       4       sun.reflect.generics.parser.SignatureParser::parseClassTypeSignature (118 bytes)


---------------  P R O C E S S  ---------------

Java Threads: ( => current thread )
  0x000000001ddef800 JavaThread "Cache worker for file content cache (C:\Users\user\AndroidStudioProjects\Ketchup\.gradle\6.1.1\fileContent)" [_thread_blocked, id=11992, stack(0x00000000253b0000,0x00000000254b0000)]
  0x000000001ddee000 JavaThread "Cache worker for file content cache (C:\Users\user\.gradle\caches\6.1.1\fileContent)" [_thread_blocked, id=21480, stack(0x00000000252b0000,0x00000000253b0000)]
  0x000000001ddec800 JavaThread "Memory manager" [_thread_blocked, id=18784, stack(0x0000000023100000,0x0000000023200000)]
  0x000000001dde8800 JavaThread "Cache worker for Build Output Cleanup Cache (C:\Users\user\AndroidStudioProjects\Ketchup\.gradle\buildOutputCleanup)" [_thread_blocked, id=13456, stack(0x0000000023250000,0x0000000023350000)]
  0x000000001dde7000 JavaThread "Build operations Thread 4" [_thread_blocked, id=15232, stack(0x0000000022800000,0x0000000022900000)]
  0x000000001dde1000 JavaThread "Build operations Thread 3" [_thread_blocked, id=21896, stack(0x0000000022700000,0x0000000022800000)]
  0x000000001dde4000 JavaThread "Build operations Thread 2" [_thread_blocked, id=22192, stack(0x00000000223a0000,0x00000000224a0000)]
  0x000000001dde3800 JavaThread "Build operations" [_thread_blocked, id=19900, stack(0x00000000222a0000,0x00000000223a0000)]
  0x000000001b7a8800 JavaThread "Cache worker for execution history cache (C:\Users\user\.gradle\caches\6.1.1\executionHistory)" [_thread_blocked, id=18480, stack(0x00000000217a0000,0x00000000218a0000)]
  0x000000001b7a8000 JavaThread "Cache worker for cache directory md-rule (C:\Users\user\.gradle\caches\6.1.1\md-rule)" [_thread_blocked, id=22100, stack(0x0000000020400000,0x0000000020500000)]
  0x000000001b7a6800 JavaThread "Cache worker for cache directory md-supplier (C:\Users\user\.gradle\caches\6.1.1\md-supplier)" [_thread_blocked, id=6784, stack(0x0000000020050000,0x0000000020150000)]
  0x000000001b7a7000 JavaThread "Cache worker for file hash cache (C:\Users\user\AndroidStudioProjects\Ketchup\.gradle\6.1.1\fileHashes)" [_thread_blocked, id=22028, stack(0x0000000020300000,0x0000000020400000)]
  0x000000001b7ad000 JavaThread "Cache worker for checksums cache (C:\Users\user\AndroidStudioProjects\Ketchup\.gradle\checksums)" [_thread_blocked, id=19916, stack(0x0000000020200000,0x0000000020300000)]
  0x000000001b7ac800 JavaThread "Cache worker for file hash cache (C:\Users\user\.gradle\caches\6.1.1\fileHashes)" [_thread_blocked, id=11564, stack(0x000000001dab0000,0x000000001dbb0000)]
  0x000000001b7ab800 JavaThread "File lock request listener" [_thread_in_native, id=6196, stack(0x000000001d9b0000,0x000000001dab0000)]
  0x000000001b74c000 JavaThread "Cache worker for journal cache (C:\Users\user\.gradle\caches\journal-1)" [_thread_blocked, id=22456, stack(0x000000001d8b0000,0x000000001d9b0000)]
  0x000000001b6fe800 JavaThread "Thread-9" [_thread_blocked, id=19864, stack(0x000000001d5b0000,0x000000001d6b0000)]
  0x000000001b715800 JavaThread "Stdin handler" [_thread_blocked, id=2292, stack(0x000000001d4b0000,0x000000001d5b0000)]
  0x000000001b70d800 JavaThread "Asynchronous log dispatcher for DefaultDaemonConnection: socket connection from /127.0.0.1:51263 to /127.0.0.1:51264" [_thread_blocked, id=15836, stack(0x000000001d3b0000,0x000000001d4b0000)]
  0x000000001b6f4000 JavaThread "Daemon worker" [_thread_in_native, id=13576, stack(0x000000001d2b0000,0x000000001d3b0000)]
  0x000000001b6f3000 JavaThread "Cancel handler" [_thread_blocked, id=13228, stack(0x000000001d1b0000,0x000000001d2b0000)]
  0x000000001b6d1000 JavaThread "Handler for socket connection from /127.0.0.1:51263 to /127.0.0.1:51264" [_thread_in_native, id=18240, stack(0x000000001ceb0000,0x000000001cfb0000)]
  0x000000001b6b2000 JavaThread "Daemon" [_thread_blocked, id=19344, stack(0x000000001cdb0000,0x000000001ceb0000)]
  0x000000001b6ab800 JavaThread "Daemon periodic checks" [_thread_blocked, id=16996, stack(0x000000001ccb0000,0x000000001cdb0000)]
  0x000000001b6db800 JavaThread "Incoming local TCP Connector on port 51263" [_thread_in_native, id=19412, stack(0x000000001ca70000,0x000000001cb70000)]
  0x000000001974f800 JavaThread "Daemon health stats" [_thread_blocked, id=14896, stack(0x000000001c430000,0x000000001c530000)]
  0x00000000196b5000 JavaThread "Service Thread" daemon [_thread_blocked, id=22288, stack(0x0000000019a90000,0x0000000019b90000)]
  0x0000000017d47800 JavaThread "C1 CompilerThread2" daemon [_thread_blocked, id=22524, stack(0x0000000019590000,0x0000000019690000)]
  0x0000000017d3b800 JavaThread "C2 CompilerThread1" daemon [_thread_in_native, id=1776, stack(0x0000000019490000,0x0000000019590000)]
=>0x0000000017d34800 JavaThread "C2 CompilerThread0" daemon [_thread_in_native, id=22500, stack(0x0000000019390000,0x0000000019490000)]
  0x0000000017d33000 JavaThread "Attach Listener" daemon [_thread_blocked, id=1100, stack(0x0000000019290000,0x0000000019390000)]
  0x0000000017d31800 JavaThread "Signal Dispatcher" daemon [_thread_blocked, id=18672, stack(0x0000000019190000,0x0000000019290000)]
  0x00000000030db800 JavaThread "Finalizer" daemon [_thread_blocked, id=15100, stack(0x0000000018f90000,0x0000000019090000)]
  0x0000000017d19000 JavaThread "Reference Handler" daemon [_thread_blocked, id=21820, stack(0x0000000018e90000,0x0000000018f90000)]
  0x0000000002fbe000 JavaThread "main" [_thread_blocked, id=14272, stack(0x0000000002e90000,0x0000000002f90000)]

Other Threads:
  0x0000000017cf7000 VMThread [stack: 0x0000000018d90000,0x0000000018e90000] [id=5220]
  0x00000000196b5800 WatcherThread [stack: 0x0000000019b90000,0x0000000019c90000] [id=22252]

VM state:not at safepoint (normal execution)

VM Mutex/Monitor currently owned by a thread: None

heap address: 0x0000000080000000, size: 2048 MB, Compressed Oops mode: 32-bit
Narrow klass base: 0x0000000000000000, Narrow klass shift: 3
Compressed class space size: 1073741824 Address: 0x0000000100000000

Heap:
 PSYoungGen      total 181248K, used 91244K [0x00000000d5580000, 0x00000000e2580000, 0x0000000100000000)
  eden space 162304K, 56% used [0x00000000d5580000,0x00000000dae9b3b8,0x00000000df400000)
  from space 18944K, 0% used [0x00000000e0600000,0x00000000e0600000,0x00000000e1880000)
  to   space 18432K, 0% used [0x00000000df400000,0x00000000df400000,0x00000000e0600000)
 ParOldGen       total 91648K, used 37984K [0x0000000080000000, 0x0000000085980000, 0x00000000d5580000)
  object space 91648K, 41% used [0x0000000080000000,0x0000000082518308,0x0000000085980000)
 Metaspace       used 61618K, capacity 63898K, committed 64024K, reserved 1103872K
  class space    used 8434K, capacity 8979K, committed 9008K, reserved 1048576K

Card table byte_map: [0x00000000124a0000,0x00000000128b0000] byte_map_base: 0x00000000120a0000

Marking Bits: (ParMarkBitMap*) 0x000000005c96f030
 Begin Bits: [0x0000000012f60000, 0x0000000014f60000)
 End Bits:   [0x0000000014f60000, 0x0000000016f60000)

Polling page: 0x0000000001360000

CodeCache: size=245760Kb used=19101Kb max_used=19101Kb free=226658Kb
 bounds [0x00000000030e0000, 0x00000000043a0000, 0x00000000120e0000]
 total_blobs=6360 nmethods=5558 adapters=715
 compilation: enabled

Compilation events (10 events):
Event: 14.272 Thread 0x0000000017d47800 6030       3       org.gradle.internal.component.external.model.AbstractMutableModuleComponentResolveMetadata::setChanging (6 bytes)
Event: 14.272 Thread 0x0000000017d47800 nmethod 6030 0x0000000004396f10 code [0x0000000004397060, 0x00000000043971b0]
Event: 14.272 Thread 0x0000000017d47800 6031       1       org.gradle.api.internal.artifacts.dsl.ComponentMetadataRuleContainer::getVariantDerivationStrategy (5 bytes)
Event: 14.272 Thread 0x0000000017d47800 nmethod 6031 0x0000000004397250 code [0x00000000043973a0, 0x00000000043974b0]
Event: 14.272 Thread 0x0000000017d47800 6032       1       org.gradle.internal.component.external.model.AbstractModuleComponentResolveMetadata::isMissing (5 bytes)
Event: 14.272 Thread 0x0000000017d47800 nmethod 6032 0x0000000004397510 code [0x0000000004397660, 0x0000000004397770]
Event: 14.272 Thread 0x0000000017d47800 6033       1       org.gradle.internal.component.external.model.AbstractModuleComponentResolveMetadata::getVariants (5 bytes)
Event: 14.272 Thread 0x0000000017d47800 nmethod 6033 0x00000000043977d0 code [0x0000000004397920, 0x0000000004397a30]
Event: 14.272 Thread 0x0000000017d47800 6028       1       org.gradle.internal.resource.local.DefaultLocallyAvailableResource::getFile (5 bytes)
Event: 14.272 Thread 0x0000000017d47800 nmethod 6028 0x0000000004397a90 code [0x0000000004397be0, 0x0000000004397cf0]

GC Heap History (10 events):
Event: 6.596 GC heap before
{Heap before GC invocations=11 (full 2):
 PSYoungGen      total 117248K, used 9313K [0x00000000d5580000, 0x00000000dfe80000, 0x0000000100000000)
  eden space 105472K, 0% used [0x00000000d5580000,0x00000000d5580000,0x00000000dbc80000)
  from space 11776K, 79% used [0x00000000dbc80000,0x00000000dc5985f8,0x00000000dc800000)
  to   space 12288K, 0% used [0x00000000df280000,0x00000000df280000,0x00000000dfe80000)
 ParOldGen       total 60928K, used 11005K [0x0000000080000000, 0x0000000083b80000, 0x00000000d5580000)
  object space 60928K, 18% used [0x0000000080000000,0x0000000080abf678,0x0000000083b80000)
 Metaspace       used 34499K, capacity 35400K, committed 35496K, reserved 1079296K
  class space    used 4735K, capacity 4971K, committed 5040K, reserved 1048576K
Event: 6.722 GC heap after
Heap after GC invocations=11 (full 2):
 PSYoungGen      total 117248K, used 0K [0x00000000d5580000, 0x00000000dfe80000, 0x0000000100000000)
  eden space 105472K, 0% used [0x00000000d5580000,0x00000000d5580000,0x00000000dbc80000)
  from space 11776K, 0% used [0x00000000dbc80000,0x00000000dbc80000,0x00000000dc800000)
  to   space 12288K, 0% used [0x00000000df280000,0x00000000df280000,0x00000000dfe80000)
 ParOldGen       total 91648K, used 15968K [0x0000000080000000, 0x0000000085980000, 0x00000000d5580000)
  object space 91648K, 17% used [0x0000000080000000,0x0000000080f98148,0x0000000085980000)
 Metaspace       used 34499K, capacity 35400K, committed 35496K, reserved 1079296K
  class space    used 4735K, capacity 4971K, committed 5040K, reserved 1048576K
}
Event: 8.492 GC heap before
{Heap before GC invocations=12 (full 2):
 PSYoungGen      total 117248K, used 105472K [0x00000000d5580000, 0x00000000dfe80000, 0x0000000100000000)
  eden space 105472K, 100% used [0x00000000d5580000,0x00000000dbc80000,0x00000000dbc80000)
  from space 11776K, 0% used [0x00000000dbc80000,0x00000000dbc80000,0x00000000dc800000)
  to   space 12288K, 0% used [0x00000000df280000,0x00000000df280000,0x00000000dfe80000)
 ParOldGen       total 91648K, used 15968K [0x0000000080000000, 0x0000000085980000, 0x00000000d5580000)
  object space 91648K, 17% used [0x0000000080000000,0x0000000080f98148,0x0000000085980000)
 Metaspace       used 42802K, capacity 44212K, committed 44584K, reserved 1087488K
  class space    used 5768K, capacity 6128K, committed 6192K, reserved 1048576K
Event: 8.514 GC heap after
Heap after GC invocations=12 (full 2):
 PSYoungGen      total 143360K, used 12260K [0x00000000d5580000, 0x00000000dfe80000, 0x0000000100000000)
  eden space 131072K, 0% used [0x00000000d5580000,0x00000000d5580000,0x00000000dd580000)
  from space 12288K, 99% used [0x00000000df280000,0x00000000dfe79158,0x00000000dfe80000)
  to   space 14336K, 0% used [0x00000000de280000,0x00000000de280000,0x00000000df080000)
 ParOldGen       total 91648K, used 17600K [0x0000000080000000, 0x0000000085980000, 0x00000000d5580000)
  object space 91648K, 19% used [0x0000000080000000,0x0000000081130310,0x0000000085980000)
 Metaspace       used 42802K, capacity 44212K, committed 44584K, reserved 1087488K
  class space    used 5768K, capacity 6128K, committed 6192K, reserved 1048576K
}
Event: 10.438 GC heap before
{Heap before GC invocations=13 (full 2):
 PSYoungGen      total 143360K, used 143332K [0x00000000d5580000, 0x00000000dfe80000, 0x0000000100000000)
  eden space 131072K, 100% used [0x00000000d5580000,0x00000000dd580000,0x00000000dd580000)
  from space 12288K, 99% used [0x00000000df280000,0x00000000dfe79158,0x00000000dfe80000)
  to   space 14336K, 0% used [0x00000000de280000,0x00000000de280000,0x00000000df080000)
 ParOldGen       total 91648K, used 17600K [0x0000000080000000, 0x0000000085980000, 0x00000000d5580000)
  object space 91648K, 19% used [0x0000000080000000,0x0000000081130310,0x0000000085980000)
 Metaspace       used 51804K, capacity 53554K, committed 53672K, reserved 1095680K
  class space    used 6877K, capacity 7329K, committed 7344K, reserved 1048576K
Event: 10.473 GC heap after
Heap after GC invocations=13 (full 2):
 PSYoungGen      total 158720K, used 14332K [0x00000000d5580000, 0x00000000e1880000, 0x0000000100000000)
  eden space 144384K, 0% used [0x00000000d5580000,0x00000000d5580000,0x00000000de280000)
  from space 14336K, 99% used [0x00000000de280000,0x00000000df07f000,0x00000000df080000)
  to   space 18944K, 0% used [0x00000000e0600000,0x00000000e0600000,0x00000000e1880000)
 ParOldGen       total 91648K, used 25971K [0x0000000080000000, 0x0000000085980000, 0x00000000d5580000)
  object space 91648K, 28% used [0x0000000080000000,0x000000008195cca8,0x0000000085980000)
 Metaspace       used 51804K, capacity 53554K, committed 53672K, reserved 1095680K
  class space    used 6877K, capacity 7329K, committed 7344K, reserved 1048576K
}
Event: 12.337 GC heap before
{Heap before GC invocations=14 (full 2):
 PSYoungGen      total 158720K, used 94753K [0x00000000d5580000, 0x00000000e1880000, 0x0000000100000000)
  eden space 144384K, 55% used [0x00000000d5580000,0x00000000da409770,0x00000000de280000)
  from space 14336K, 99% used [0x00000000de280000,0x00000000df07f000,0x00000000df080000)
  to   space 18944K, 0% used [0x00000000e0600000,0x00000000e0600000,0x00000000e1880000)
 ParOldGen       total 91648K, used 25971K [0x0000000080000000, 0x0000000085980000, 0x00000000d5580000)
  object space 91648K, 28% used [0x0000000080000000,0x000000008195cca8,0x0000000085980000)
 Metaspace       used 57131K, capacity 59112K, committed 59160K, reserved 1099776K
  class space    used 7725K, capacity 8210K, committed 8240K, reserved 1048576K
Event: 12.363 GC heap after
Heap after GC invocations=14 (full 2):
 PSYoungGen      total 181248K, used 8925K [0x00000000d5580000, 0x00000000e2580000, 0x0000000100000000)
  eden space 162304K, 0% used [0x00000000d5580000,0x00000000d5580000,0x00000000df400000)
  from space 18944K, 47% used [0x00000000e0600000,0x00000000e0eb7648,0x00000000e1880000)
  to   space 18432K, 0% used [0x00000000df400000,0x00000000df400000,0x00000000e0600000)
 ParOldGen       total 91648K, used 34875K [0x0000000080000000, 0x0000000085980000, 0x00000000d5580000)
  object space 91648K, 38% used [0x0000000080000000,0x000000008220ed48,0x0000000085980000)
 Metaspace       used 57131K, capacity 59112K, committed 59160K, reserved 1099776K
  class space    used 7725K, capacity 8210K, committed 8240K, reserved 1048576K
}
Event: 12.363 GC heap before
{Heap before GC invocations=15 (full 3):
 PSYoungGen      total 181248K, used 8925K [0x00000000d5580000, 0x00000000e2580000, 0x0000000100000000)
  eden space 162304K, 0% used [0x00000000d5580000,0x00000000d5580000,0x00000000df400000)
  from space 18944K, 47% used [0x00000000e0600000,0x00000000e0eb7648,0x00000000e1880000)
  to   space 18432K, 0% used [0x00000000df400000,0x00000000df400000,0x00000000e0600000)
 ParOldGen       total 91648K, used 34875K [0x0000000080000000, 0x0000000085980000, 0x00000000d5580000)
  object space 91648K, 38% used [0x0000000080000000,0x000000008220ed48,0x0000000085980000)
 Metaspace       used 57131K, capacity 59112K, committed 59160K, reserved 1099776K
  class space    used 7725K, capacity 8210K, committed 8240K, reserved 1048576K
Event: 12.749 GC heap after
Heap after GC invocations=15 (full 3):
 PSYoungGen      total 181248K, used 0K [0x00000000d5580000, 0x00000000e2580000, 0x0000000100000000)
  eden space 162304K, 0% used [0x00000000d5580000,0x00000000d5580000,0x00000000df400000)
  from space 18944K, 0% used [0x00000000e0600000,0x00000000e0600000,0x00000000e1880000)
  to   space 18432K, 0% used [0x00000000df400000,0x00000000df400000,0x00000000e0600000)
 ParOldGen       total 91648K, used 37984K [0x0000000080000000, 0x0000000085980000, 0x00000000d5580000)
  object space 91648K, 41% used [0x0000000080000000,0x0000000082518308,0x0000000085980000)
 Metaspace       used 57122K, capacity 59082K, committed 59160K, reserved 1099776K
  class space    used 7722K, capacity 8205K, committed 8240K, reserved 1048576K
}

Deoptimization events (10 events):
Event: 13.231 Thread 0x000000001b6f4000 Uncommon trap: reason=unstable_if action=reinterpret pc=0x0000000003b38c38 method=com.esotericsoftware.kryo.io.Input.require(I)I @ 65
Event: 13.263 Thread 0x000000001b6f4000 Uncommon trap: reason=unstable_if action=reinterpret pc=0x0000000003e23eb4 method=java.util.TreeMap.put(Ljava/lang/Object;Ljava/lang/Object;)Ljava/lang/Object; @ 163
Event: 13.419 Thread 0x000000001b6f4000 Uncommon trap: reason=bimorphic action=maybe_recompile pc=0x0000000003f79204 method=java.util.regex.Pattern$5.isSatisfiedBy(I)Z @ 16
Event: 13.419 Thread 0x000000001b6f4000 Uncommon trap: reason=bimorphic action=maybe_recompile pc=0x0000000003f79204 method=java.util.regex.Pattern$5.isSatisfiedBy(I)Z @ 16
Event: 13.419 Thread 0x000000001b6f4000 Uncommon trap: reason=bimorphic action=maybe_recompile pc=0x0000000003f79204 method=java.util.regex.Pattern$5.isSatisfiedBy(I)Z @ 16
Event: 13.419 Thread 0x000000001b6f4000 Uncommon trap: reason=bimorphic action=maybe_recompile pc=0x0000000003f79204 method=java.util.regex.Pattern$5.isSatisfiedBy(I)Z @ 16
Event: 13.901 Thread 0x000000001b6f4000 Uncommon trap: reason=unstable_if action=reinterpret pc=0x00000000036e3828 method=java.util.regex.Pattern$BmpCharProperty.match(Ljava/util/regex/Matcher;ILjava/lang/CharSequence;)Z @ 34
Event: 13.906 Thread 0x000000001b6f4000 Uncommon trap: reason=unstable_if action=reinterpret pc=0x0000000003ed0228 method=com.sun.org.apache.xerces.internal.impl.XMLEntityScanner.scanLiteral(ILcom/sun/org/apache/xerces/internal/xni/XMLString;Z)I @ 660
Event: 13.920 Thread 0x000000001b6f4000 Uncommon trap: reason=unstable_if action=reinterpret pc=0x0000000003fdd69c method=java.lang.CharacterDataLatin1.digit(II)I @ 31
Event: 13.985 Thread 0x000000001b6f4000 Uncommon trap: reason=unstable_if action=reinterpret pc=0x0000000003e1a218 method=com.google.gson.stream.JsonReader.doPeek()I @ 315

Classes redefined (0 events):
No events

Internal exceptions (10 events):
Event: 13.162 Thread 0x000000001b6f4000 Exception <a 'java/lang/ClassNotFoundException': org/gradle/api/internal/artifacts/configurations/DefaultConfiguration$ConfigurationResolvableDependenciesBeanInfo> (0x00000000d6f9b828) thrown at [C:\src\AOSP-openjdk-git\hotspot\src\share\vm\classfile\syst
Event: 13.163 Thread 0x000000001b6f4000 Exception <a 'java/lang/ClassNotFoundException': org/gradle/api/internal/artifacts/configurations/DefaultConfiguration$ConfigurationResolvableDependenciesCustomizer> (0x00000000d6feaad8) thrown at [C:\src\AOSP-openjdk-git\hotspot\src\share\vm\classfile\sy
Event: 13.165 Thread 0x000000001b6f4000 Exception <a 'java/lang/ClassNotFoundException': org/gradle/api/internal/artifacts/configurations/DefaultConfiguration$ConfigurationResolvableDependencies_DecoratedCustomizer> (0x00000000d7054700) thrown at [C:\src\AOSP-openjdk-git\hotspot\src\share\vm\cl
Event: 13.293 Thread 0x000000001b6f4000 Exception <a 'java/lang/NoSuchMethodError': java.lang.Object.lambda$static$0(Ljava/util/Set;Ljava/util/Set;)Z> (0x00000000d7c83810) thrown at [C:\src\AOSP-openjdk-git\hotspot\src\share\vm\interpreter\linkResolver.cpp, line 620]
Event: 13.294 Thread 0x000000001b6f4000 Exception <a 'java/lang/NoSuchMethodError': java.lang.Object.lambda$static$1(Ljava/util/Set;Ljava/util/Set;)Z> (0x00000000d7c866e8) thrown at [C:\src\AOSP-openjdk-git\hotspot\src\share\vm\interpreter\linkResolver.cpp, line 620]
Event: 13.295 Thread 0x000000001b6f4000 Exception <a 'java/lang/NoSuchMethodError': java.lang.Object.lambda$static$2(Ljava/util/Set;Ljava/util/Set;)Z> (0x00000000d7c89228) thrown at [C:\src\AOSP-openjdk-git\hotspot\src\share\vm\interpreter\linkResolver.cpp, line 620]
Event: 13.295 Thread 0x000000001b6f4000 Exception <a 'java/lang/NoSuchMethodError': java.lang.Object.lambda$static$3(Ljava/util/Set;Ljava/util/Set;)Z> (0x00000000d7c8bd68) thrown at [C:\src\AOSP-openjdk-git\hotspot\src\share\vm\interpreter\linkResolver.cpp, line 620]
Event: 13.296 Thread 0x000000001b6f4000 Exception <a 'java/lang/NoSuchMethodError': java.lang.Object.lambda$static$4(Ljava/util/Set;Ljava/util/Set;)Z> (0x00000000d7c8e8a8) thrown at [C:\src\AOSP-openjdk-git\hotspot\src\share\vm\interpreter\linkResolver.cpp, line 620]
Event: 13.455 Thread 0x000000001b6f4000 Exception <a 'java/lang/ClassNotFoundException': com/sun/org/glassfish/hk2/osgiresourcelocator/ServiceLoader> (0x00000000d84e0a40) thrown at [C:\src\AOSP-openjdk-git\hotspot\src\share\vm\classfile\systemDictionary.cpp, line 210]
Event: 13.595 Thread 0x000000001b6f4000 Exception <a 'java/lang/NullPointerException'> (0x00000000d8a26000) thrown at [C:\src\AOSP-openjdk-git\hotspot\src\share\vm\interpreter\linkResolver.cpp, line 1287]

Events (10 events):
Event: 14.266 loading class com/android/build/gradle/internal/dependency/AndroidXDependencySubstitution$replaceOldSupportLibraries$1$1$1
Event: 14.266 loading class com/android/build/gradle/internal/dependency/AndroidXDependencySubstitution$replaceOldSupportLibraries$1$1$1 done
Event: 14.266 loading class org/gradle/internal/component/external/model/VariantMetadataRules$VariantAction
Event: 14.266 loading class org/gradle/internal/component/external/model/VariantMetadataRules$VariantAction done
Event: 14.267 loading class org/gradle/internal/component/model/DependencyMetadataRules
Event: 14.267 loading class org/gradle/internal/component/model/DependencyMetadataRules done
Event: 14.268 loading class org/gradle/internal/component/model/DependencyMetadataRules$1
Event: 14.268 loading class org/gradle/internal/component/model/DependencyMetadataRules$1 done
Event: 14.269 loading class org/gradle/internal/component/model/DependencyMetadataRules$2
Event: 14.269 loading class org/gradle/internal/component/model/DependencyMetadataRules$2 done


Dynamic libraries:
0x00007ff743e40000 - 0x00007ff743e71000 	C:\Program Files\Android\Android Studio\jre\bin\java.exe
0x00007ff9d2c00000 - 0x00007ff9d2df0000 	C:\WINDOWS\SYSTEM32\ntdll.dll
0x00007ff9d2270000 - 0x00007ff9d2322000 	C:\WINDOWS\System32\KERNEL32.DLL
0x00007ff9d0820000 - 0x00007ff9d0ac5000 	C:\WINDOWS\System32\KERNELBASE.dll
0x00007ff9d2330000 - 0x00007ff9d23d3000 	C:\WINDOWS\System32\ADVAPI32.dll
0x00007ff9d2910000 - 0x00007ff9d29ae000 	C:\WINDOWS\System32\msvcrt.dll
0x00007ff9d1220000 - 0x00007ff9d12b7000 	C:\WINDOWS\System32\sechost.dll
0x00007ff9d0e40000 - 0x00007ff9d0f5f000 	C:\WINDOWS\System32\RPCRT4.dll
0x00007ff9d0fb0000 - 0x00007ff9d1144000 	C:\WINDOWS\System32\USER32.dll
0x00007ff9d0ad0000 - 0x00007ff9d0af1000 	C:\WINDOWS\System32\win32u.dll
0x00007ff9d0e10000 - 0x00007ff9d0e36000 	C:\WINDOWS\System32\GDI32.dll
0x00007ff9cfca0000 - 0x00007ff9cfe38000 	C:\WINDOWS\System32\gdi32full.dll
0x00007ff9d0610000 - 0x00007ff9d06ae000 	C:\WINDOWS\System32\msvcp_win.dll
0x00007ff9d0b00000 - 0x00007ff9d0bfa000 	C:\WINDOWS\System32\ucrtbase.dll
0x00007ff9b5930000 - 0x00007ff9b5bb4000 	C:\WINDOWS\WinSxS\amd64_microsoft.windows.common-controls_6595b64144ccf1df_6.0.18362.1379_none_9e7ff3b3e45cc0c4\COMCTL32.dll
0x00007ff9d13a0000 - 0x00007ff9d16d7000 	C:\WINDOWS\System32\combase.dll
0x00007ff9cfb80000 - 0x00007ff9cfc01000 	C:\WINDOWS\System32\bcryptPrimitives.dll
0x00007ff9d0f80000 - 0x00007ff9d0fae000 	C:\WINDOWS\System32\IMM32.DLL
0x000000005c0c0000 - 0x000000005c192000 	C:\Program Files\Android\Android Studio\jre\jre\bin\msvcr100.dll
0x000000005c1a0000 - 0x000000005c9eb000 	C:\Program Files\Android\Android Studio\jre\jre\bin\server\jvm.dll
0x00007ff9d2850000 - 0x00007ff9d2858000 	C:\WINDOWS\System32\PSAPI.DLL
0x00007ff9b8810000 - 0x00007ff9b8819000 	C:\WINDOWS\SYSTEM32\WSOCK32.dll
0x00007ff9d2130000 - 0x00007ff9d219f000 	C:\WINDOWS\System32\WS2_32.dll
0x00007ff9ca240000 - 0x00007ff9ca264000 	C:\WINDOWS\SYSTEM32\WINMM.dll
0x00007ff9c7390000 - 0x00007ff9c739a000 	C:\WINDOWS\SYSTEM32\VERSION.dll
0x00007ff9ca210000 - 0x00007ff9ca23d000 	C:\WINDOWS\SYSTEM32\WINMMBASE.dll
0x00007ff9d05c0000 - 0x00007ff9d060a000 	C:\WINDOWS\System32\cfgmgr32.dll
0x00007ff9bec70000 - 0x00007ff9bec7f000 	C:\Program Files\Android\Android Studio\jre\jre\bin\verify.dll
0x00007ff9bd640000 - 0x00007ff9bd669000 	C:\Program Files\Android\Android Studio\jre\jre\bin\java.dll
0x00007ff9be900000 - 0x00007ff9be916000 	C:\Program Files\Android\Android Studio\jre\jre\bin\zip.dll
0x00007ff9d1890000 - 0x00007ff9d1f78000 	C:\WINDOWS\System32\SHELL32.dll
0x00007ff9d29b0000 - 0x00007ff9d2a57000 	C:\WINDOWS\System32\shcore.dll
0x00007ff9cfe40000 - 0x00007ff9d05bb000 	C:\WINDOWS\System32\windows.storage.dll
0x00007ff9cfac0000 - 0x00007ff9cfae3000 	C:\WINDOWS\System32\profapi.dll
0x00007ff9cfb10000 - 0x00007ff9cfb5a000 	C:\WINDOWS\System32\powrprof.dll
0x00007ff9cfab0000 - 0x00007ff9cfac0000 	C:\WINDOWS\System32\UMPDC.dll
0x00007ff9d11c0000 - 0x00007ff9d1212000 	C:\WINDOWS\System32\shlwapi.dll
0x00007ff9cfb60000 - 0x00007ff9cfb71000 	C:\WINDOWS\System32\kernel.appcore.dll
0x00007ff9d0800000 - 0x00007ff9d0817000 	C:\WINDOWS\System32\cryptsp.dll
0x00007ff9be6c0000 - 0x00007ff9be6da000 	C:\Program Files\Android\Android Studio\jre\jre\bin\net.dll
0x00007ff9cf2f0000 - 0x00007ff9cf357000 	C:\WINDOWS\system32\mswsock.dll
0x00007ff9b9120000 - 0x00007ff9b9133000 	C:\Program Files\Android\Android Studio\jre\jre\bin\nio.dll
0x00007ff9bea40000 - 0x00007ff9bea66000 	C:\Users\user\.gradle\native\31\windows-amd64\native-platform.dll
0x00007ff9bec60000 - 0x00007ff9bec6d000 	C:\Program Files\Android\Android Studio\jre\jre\bin\management.dll
0x00007ff9cee70000 - 0x00007ff9ceea3000 	C:\WINDOWS\system32\rsaenh.dll
0x00007ff9cfc10000 - 0x00007ff9cfc36000 	C:\WINDOWS\System32\bcrypt.dll
0x00007ff9cf9d0000 - 0x00007ff9cf9f5000 	C:\WINDOWS\SYSTEM32\USERENV.dll
0x00007ff9cf4c0000 - 0x00007ff9cf4cc000 	C:\WINDOWS\SYSTEM32\CRYPTBASE.dll
0x00007ff9cf000000 - 0x00007ff9cf03a000 	C:\WINDOWS\SYSTEM32\IPHLPAPI.DLL
0x00007ff9d2bb0000 - 0x00007ff9d2bb8000 	C:\WINDOWS\System32\NSI.dll
0x00007ff9ce2b0000 - 0x00007ff9ce2c6000 	C:\WINDOWS\SYSTEM32\dhcpcsvc6.DLL
0x00007ff9ce290000 - 0x00007ff9ce2ac000 	C:\WINDOWS\SYSTEM32\dhcpcsvc.DLL
0x00007ff9cf040000 - 0x00007ff9cf10b000 	C:\WINDOWS\SYSTEM32\DNSAPI.dll

VM Arguments:
jvm_args: -Xmx2048m -Dfile.encoding=windows-1252 -Duser.country=IN -Duser.language=en -Duser.variant 
java_command: org.gradle.launcher.daemon.bootstrap.GradleDaemon 6.1.1
java_class_path (initial): C:\Users\user\.gradle\wrapper\dists\gradle-6.1.1-all\cfmwm155h49vnt3hynmlrsdst\gradle-6.1.1\lib\gradle-launcher-6.1.1.jar
Launcher Type: SUN_STANDARD

Environment Variables:
JAVA_HOME=C:\Program Files\Java\jdk1.8.0_181
PATH=C:\Program Files (x86)\Common Files\Oracle\Java\javapath;"C:\Program Files (x86)\Common Files\Oracle\Java\javapath;C:\Program Files\Java\jdk-10.0.2\bin;C:\Program Files\Java\jre-10.0.2\bin";C:\WINDOWS\system32;C:\WINDOWS;C:\WINDOWS\System32\Wbem;C:\WINDOWS\System32\WindowsPowerShell\v1.0\;C:\WINDOWS\System32\OpenSSH\;C:\Program Files (x86)\Intel\Intel(R) Management Engine Components\DAL;C:\Program Files\Intel\Intel(R) Management Engine Components\DAL;C:\Program Files (x86)\Intel\Intel(R) Management Engine Components\IPT;C:\Program Files\Intel\Intel(R) Management Engine Components\IPT;C:\Program Files\Java\jdk1.8.0_181\bin;C:\wamp64\bin\php\php5.6.35;C:\ProgramData\ComposerSetup\bin;C:\wamp64\bin\php\php5.6.35;C:\Program Files\nodejs\;C:\Program Files\Git\cmd;C:\Program Files\MySQL\MySQL Shell 8.0\bin\;C:\Users\user\AppData\Local\Programs\Python\Python37-32\Scripts\;C:\Users\user\AppData\Local\Programs\Python\Python37-32\;C:\Users\user\AppData\Local\Microsoft\WindowsApps;C:\flutter\bin;C:\flutter;C:\Users\user\AppData\Roaming\Composer\vendor\bin;C:\Users\user\AppData\Roaming\npm
USERNAME=jayant
OS=Windows_NT
PROCESSOR_IDENTIFIER=Intel64 Family 6 Model 142 Stepping 9, GenuineIntel



---------------  S Y S T E M  ---------------

OS: Windows 10.0 , 64 bit Build 18362 (10.0.18362.1350)

CPU:total 4 (initial active 4) (2 cores per cpu, 2 threads per core) family 6 model 142 stepping 9, cmov, cx8, fxsr, mmx, sse, sse2, sse3, ssse3, sse4.1, sse4.2, popcnt, avx, avx2, aes, clmul, erms, 3dnowpref, lzcnt, ht, tsc, tscinvbit, bmi1, bmi2, adx

Memory: 4k page, physical 8301580k(2792416k free), swap 21234700k(5124k free)

vm_info: OpenJDK 64-Bit Server VM (25.242-b01) for windows-amd64 JRE (1.8.0_242-release-1644-b01), built by "builder" with MS VC++ 10.0 (VS2010)

time: Wed Apr 21 10:01:12 2021
timezone: India Standard Time
elapsed time: 14 seconds (0d 0h 0m 14s)

